0 info it worked if it ends with ok
1 verbose cli [ 'D:\\Program Files\\nodejs\\node.exe',
1 verbose cli   'D:\\Program Files\\nodejs\\node_modules\\npm\\bin\\npm-cli.js',
1 verbose cli   'run',
1 verbose cli   'hot' ]
2 info using npm@3.10.10
3 info using node@v6.10.2
4 verbose run-script [ 'prehot', 'hot', 'posthot' ]
5 info lifecycle p5w-h5@1.0.0~prehot: p5w-h5@1.0.0
6 silly lifecycle p5w-h5@1.0.0~prehot: no script for prehot, continuing
7 info lifecycle p5w-h5@1.0.0~hot: p5w-h5@1.0.0
8 verbose lifecycle p5w-h5@1.0.0~hot: unsafe-perm in lifecycle true
9 verbose lifecycle p5w-h5@1.0.0~hot: PATH: D:\Program Files\nodejs\node_modules\npm\bin\node-gyp-bin;D:\workspace\pw-h5\node_modules\.bin;C:\Windows\system32;C:\Windows;C:\Windows\System32\Wbem;C:\Windows\System32\WindowsPowerShell\v1.0\;D:\Program Files\nodejs\;C:\Users\zhanghua\AppData\Roaming\npm
10 verbose lifecycle p5w-h5@1.0.0~hot: CWD: D:\workspace\pw-h5
11 silly lifecycle p5w-h5@1.0.0~hot: Args: [ '/d /s /c',
11 silly lifecycle   'webpack-dev-server --config webpack.config.dev.js --inline --progress --colors --host 0.0.0.0' ]
12 silly lifecycle p5w-h5@1.0.0~hot: Returned: code: 3221225786  signal: null
13 info lifecycle p5w-h5@1.0.0~hot: Failed to exec hot script
14 verbose stack Error: p5w-h5@1.0.0 hot: `webpack-dev-server --config webpack.config.dev.js --inline --progress --colors --host 0.0.0.0`
14 verbose stack Exit status 3221225786
14 verbose stack     at EventEmitter.<anonymous> (D:\Program Files\nodejs\node_modules\npm\lib\utils\lifecycle.js:255:16)
14 verbose stack     at emitTwo (events.js:106:13)
14 verbose stack     at EventEmitter.emit (events.js:191:7)
14 verbose stack     at ChildProcess.<anonymous> (D:\Program Files\nodejs\node_modules\npm\lib\utils\spawn.js:40:14)
14 verbose stack     at emitTwo (events.js:106:13)
14 verbose stack     at ChildProcess.emit (events.js:191:7)
14 verbose stack     at maybeClose (internal/child_process.js:886:16)
14 verbose stack     at Process.ChildProcess._handle.onexit (internal/child_process.js:226:5)
15 verbose pkgid p5w-h5@1.0.0
16 verbose cwd D:\workspace\pw-h5
17 error Windows_NT 6.1.7601
18 error argv "D:\\Program Files\\nodejs\\node.exe" "D:\\Program Files\\nodejs\\node_modules\\npm\\bin\\npm-cli.js" "run" "hot"
19 error node v6.10.2
20 error npm  v3.10.10
21 error code ELIFECYCLE
22 error p5w-h5@1.0.0 hot: `webpack-dev-server --config webpack.config.dev.js --inline --progress --colors --host 0.0.0.0`
22 error Exit status 3221225786
23 error Failed at the p5w-h5@1.0.0 hot script 'webpack-dev-server --config webpack.config.dev.js --inline --progress --colors --host 0.0.0.0'.
23 error Make sure you have the latest version of node.js and npm installed.
23 error If you do, this is most likely a problem with the p5w-h5 package,
23 error not with npm itself.
23 error Tell the author that this fails on your system:
23 error     webpack-dev-server --config webpack.config.dev.js --inline --progress --colors --host 0.0.0.0
23 error You can get information on how to open an issue for this project with:
23 error     npm bugs p5w-h5
23 error Or if that isn't available, you can get their info via:
23 error     npm owner ls p5w-h5
23 error There is likely additional logging output above.
24 verbose exit [ 1, true ]
